<?xml version="1.0" encoding="UTF-8"?>
<testsuite xmlns:xsi="http://www.w3.org/2001/XMLSchema-instance" xsi:noNamespaceSchemaLocation="https://maven.apache.org/surefire/maven-surefire-plugin/xsd/surefire-test-report-3.0.xsd" version="3.0" name="runner.Runner" time="80.073" tests="4" errors="0" skipped="0" failures="2">
  <properties>
[...]
</properties>
  <testcase name="Verify Customer Login Functionality" classname="CustomerLoginFunctionality" time="25.814">
    <failure message="&#10;The following 2 assertions failed:&#10;1) expected:&lt;...elcome to MicroTech [na......].&quot;&gt; but was:&lt;...elcome to MicroTech [NA].&quot;&gt;&#10;2) expected:&lt;&quot;[Failed] David&quot;&gt; but was:&lt;&quot;[Welcome] David&quot;&gt;&#10;" type="org.assertj.core.api.SoftAssertionError"><![CDATA[org.assertj.core.api.SoftAssertionError: 

The following 2 assertions failed:
1) expected:<...elcome to MicroTech [na......]."> but was:<...elcome to MicroTech [NA].">
2) expected:<"[Failed] David"> but was:<"[Welcome] David">

]]></failure>
    <system-out><![CDATA[Before Run
After Run
]]></system-out>
    <system-err><![CDATA[Sep 25, 2023 7:49:39 AM io.cucumber.core.options.CucumberPropertiesParser parse
WARNING: Passing commandline options via the property `cucumber.options` has been deprecatedin favour of explicitly using property names.
Please use these instead: [cucumber.ansi-colors.disabled, cucumber.execution.dry-run, cucumber.execution.limit, cucumber.execution.order, cucumber.execution.strict, cucumber.execution.wip, cucumber.features, cucumber.filter.name, cucumber.filter.tags, cucumber.glue, cucumber.object-factory, cucumber.plugin, cucumber.snippet-type]
Sep 25, 2023 7:49:39 AM io.cucumber.junit.Cucumber <init>
WARNING: By default Cucumber is running in --non-strict mode.
This default will change to --strict and --non-strict will be removed.
You can use --strict or @CucumberOptions(strict = true) to suppress this warning
SLF4J: No SLF4J providers were found.
SLF4J: Defaulting to no-operation (NOP) logger implementation
SLF4J: See https://www.slf4j.org/codes.html#noProviders for further details.
Sep 25, 2023 7:49:44 AM org.openqa.selenium.manager.SeleniumManager lambda$runCommand$1
INFO: Driver path: C:\Users\shari\.cache\selenium\chromedriver\win64\117.0.5938.92\chromedriver.exe
Sep 25, 2023 7:49:44 AM org.openqa.selenium.manager.SeleniumManager lambda$runCommand$1
INFO: Browser path: C:\Program Files\Google\Chrome\Application\chrome.exe
Sep 25, 2023 7:49:49 AM org.openqa.selenium.devtools.CdpVersionFinder findNearestMatch
WARNING: Unable to find an exact match for CDP version 117, so returning the closest version found: 116
]]></system-err>
  </testcase>
  <testcase name="Verify Customer Order Functionality" classname="CustomerOrderFunctionality" time="24.797">
    <system-out><![CDATA[Before Run
After Run
]]></system-out>
    <system-err><![CDATA[Sep 25, 2023 7:50:07 AM org.openqa.selenium.manager.SeleniumManager lambda$runCommand$1
INFO: Driver path: C:\Users\shari\.cache\selenium\chromedriver\win64\117.0.5938.92\chromedriver.exe
Sep 25, 2023 7:50:07 AM org.openqa.selenium.manager.SeleniumManager lambda$runCommand$1
INFO: Browser path: C:\Program Files\Google\Chrome\Application\chrome.exe
Sep 25, 2023 7:50:09 AM org.openqa.selenium.devtools.CdpVersionFinder findNearestMatch
WARNING: Unable to find an exact match for CDP version 117, so returning the closest version found: 116
]]></system-err>
  </testcase>
  <testcase name="Verify Employee Login Functionality" classname="EmployeeLoginFunctionality" time="10.58">
    <failure message="&#10;The following 2 assertions failed:&#10;1) expected:&lt;&quot;Your One Stop Sol[]ution&quot;&gt; but was:&lt;&quot;Your One Stop Sol[o]ution&quot;&gt;&#10;2) expected:&lt;&quot;[Your one Stop solution]&quot;&gt; but was:&lt;&quot;[Employee Id: 102]&quot;&gt;&#10;" type="org.assertj.core.api.SoftAssertionError"><![CDATA[org.assertj.core.api.SoftAssertionError: 

The following 2 assertions failed:
1) expected:<"Your One Stop Sol[]ution"> but was:<"Your One Stop Sol[o]ution">
2) expected:<"[Your one Stop solution]"> but was:<"[Employee Id: 102]">

]]></failure>
    <system-out><![CDATA[Before Run
After Run
]]></system-out>
    <system-err><![CDATA[Sep 25, 2023 7:50:32 AM org.openqa.selenium.manager.SeleniumManager lambda$runCommand$1
INFO: Driver path: C:\Users\shari\.cache\selenium\chromedriver\win64\117.0.5938.92\chromedriver.exe
Sep 25, 2023 7:50:32 AM org.openqa.selenium.manager.SeleniumManager lambda$runCommand$1
INFO: Browser path: C:\Program Files\Google\Chrome\Application\chrome.exe
Sep 25, 2023 7:50:33 AM org.openqa.selenium.devtools.CdpVersionFinder findNearestMatch
WARNING: Unable to find an exact match for CDP version 117, so returning the closest version found: 116
]]></system-err>
  </testcase>
  <testcase name="Verify Employee Order Functionality" classname="EmployeeOrderFunctionality" time="16.858">
    <system-out><![CDATA[Before Run
After Run
]]></system-out>
    <system-err><![CDATA[Sep 25, 2023 7:50:43 AM org.openqa.selenium.manager.SeleniumManager lambda$runCommand$1
INFO: Driver path: C:\Users\shari\.cache\selenium\chromedriver\win64\117.0.5938.92\chromedriver.exe
Sep 25, 2023 7:50:43 AM org.openqa.selenium.manager.SeleniumManager lambda$runCommand$1
INFO: Browser path: C:\Program Files\Google\Chrome\Application\chrome.exe
Sep 25, 2023 7:50:44 AM org.openqa.selenium.devtools.CdpVersionFinder findNearestMatch
WARNING: Unable to find an exact match for CDP version 117, so returning the closest version found: 116
]]></system-err>
  </testcase>
</testsuite>